     1                                  section .data
     2 00000000 48656C6C6F2C20576F-         msg1 db "Hello, World!",10,0 ; string with new line
     2 00000009 726C64210A00       
     3                                      msg1Len equ $-msg1-1 ; len(msg1) - 1
     4 0000000F 416C69636520616E64-         msg2 db "Alice and Kicking!", 10, 0; string with new line
     4 00000018 204B69636B696E6721-
     4 00000021 0A00               
     5                                      msg2Len equ $-msg2-1 ; len(msg2) - 1
     6 00000023 6501000000000000            radius dq 357
     7 0000002B 1F85EB51B81E0940            pi dq 3.14
     8                                  section .bss
     9                                  section .text
    10                                      global main
    11                                  main:
    12 00000000 55                          push rbp; save rbp
    13 00000001 4889E5                      mov rbp, rsp ; use rsp as frame pointer
    14 00000004 B801000000                  mov rax, 1
    15 00000009 BF01000000                  mov rdi, 1
    16 0000000E 48BE-                       mov rsi, msg1
    16 00000010 [0000000000000000] 
    17 00000018 BA0E000000                  mov rdx, msg1Len
    18 0000001D 0F05                        syscall
    19 0000001F B801000000                  mov rax, 1
    20 00000024 BF01000000                  mov rdi, 1
    21 00000029 48BE-                       mov rsi, msg2
    21 0000002B [0F00000000000000] 
    22 00000033 BA13000000                  mov rdx, msg2Len
    23 00000038 0F05                        syscall
    24 0000003A 4889EC                      mov rsp, rbp ; restore stack pointer
    25 0000003D 5D                          pop rbp ; restore frame pointer
    26 0000003E B83C000000                  mov rax, 60
    27 00000043 BF00000000                  mov rdi, 0
    28 00000048 0F05                        syscall
    29                                  
