     1                                  extern printf
     2                                  section .data
     3 00000000 0000000000002440            radius dq 10.0
     4 00000008 1F85EB51B81E0940            pi dq 3.14
     5 00000010 546865206172656120-         fmt db "The area of the circle is : %.2f", 10, 0
     5 00000019 6F6620746865206369-
     5 00000022 72636C65206973203A-
     5 0000002B 20252E32660A00     
     6                                  section .bss
     7                                  section .text
     8                                      global main
     9                                  main:
    10 00000000 55                          push rbp
    11 00000001 4889E5                      mov rbp, rsp
    12 00000004 E81F000000                  call area
    13 00000009 48BF-                       mov rdi, fmt
    13 0000000B [1000000000000000] 
    14 00000013 F20F100C25-                 movsd xmm1, [radius]
    14 00000018 [00000000]         
    15 0000001C B801000000                  mov rax, 1
    16 00000021 E8(00000000)                call printf
    17 00000026 C9                          leave
    18 00000027 C3                          ret
    19                                  
    20                                  area:
    21 00000028 55                          push rbp
    22 00000029 4889E5                      mov rbp, rsp
    23 0000002C F20F100425-                 movsd xmm0, [radius]
    23 00000031 [00000000]         
    24 00000035 F20F590425-                 mulsd xmm0, [radius] ; square radius
    24 0000003A [00000000]         
    25 0000003E F20F590425-                 mulsd xmm0, [pi] ; mul by pi
    25 00000043 [08000000]         
    26 00000047 C9                          leave
    27 00000048 C3                          ret
